[35m[1mScanning dependencies of target witmotion-uart_autogen[0m
[35m[1mScanning dependencies of target wt31n-standalone-decoder_autogen[0m
[  1%] [34m[1mAutomatic MOC for target witmotion-uart[0m
[  2%] [34m[1mAutomatic MOC for target wt31n-standalone-decoder[0m
[  2%] Built target witmotion-uart_autogen
[35m[1mScanning dependencies of target wt31n-calibration_autogen[0m
[  4%] [34m[1mAutomatic MOC for target wt31n-calibration[0m
[  4%] Built target wt31n-calibration_autogen
[  5%] [34m[1mGenerating include/witmotion/moc_serial.cpp[0m
[  7%] [34m[1mGenerating include/witmotion/moc_types.cpp[0m
[35m[1mScanning dependencies of target witmotion-uart[0m
[  7%] Built target wt31n-standalone-decoder_autogen
[35m[1mScanning dependencies of target wt31n-calibration[0m
[  8%] [32mBuilding CXX object witmotion-uart-qt/CMakeFiles/witmotion-uart.dir/witmotion-uart_autogen/mocs_compilation.cpp.o[0m
[ 10%] [32mBuilding CXX object witmotion-uart-qt/CMakeFiles/witmotion-uart.dir/include/witmotion/moc_types.cpp.o[0m
[ 11%] [32mBuilding CXX object witmotion-uart-qt/CMakeFiles/wt31n-calibration.dir/wt31n-calibration_autogen/mocs_compilation.cpp.o[0m
[ 13%] [32mBuilding CXX object witmotion-uart-qt/CMakeFiles/wt31n-calibration.dir/examples/wt31n/calibration-standalone.cpp.o[0m
[ 14%] [32mBuilding CXX object witmotion-uart-qt/CMakeFiles/witmotion-uart.dir/include/witmotion/moc_serial.cpp.o[0m
[ 16%] [32m[1mLinking CXX executable /app/devel/.private/witmotion_ros/lib/witmotion_ros/wt31n-calibration[0m
[ 16%] Built target wt31n-calibration
[35m[1mScanning dependencies of target wt31n-standalone-decoder[0m
[ 17%] [32mBuilding CXX object witmotion-uart-qt/CMakeFiles/wt31n-standalone-decoder.dir/wt31n-standalone-decoder_autogen/mocs_compilation.cpp.o[0m
[ 19%] [32mBuilding CXX object witmotion-uart-qt/CMakeFiles/wt31n-standalone-decoder.dir/examples/wt31n/witmotion-wt31n-uart-test.cpp.o[0m
[ 20%] [32mBuilding CXX object witmotion-uart-qt/CMakeFiles/witmotion-uart.dir/src/util.cpp.o[0m
[ 22%] [32m[1mLinking CXX executable /app/devel/.private/witmotion_ros/lib/witmotion_ros/wt31n-standalone-decoder[0m
[ 22%] Built target wt31n-standalone-decoder
[ 23%] [32mBuilding CXX object witmotion-uart-qt/CMakeFiles/witmotion-uart.dir/src/serial.cpp.o[0m
[ 25%] [32m[1mLinking CXX shared library /app/devel/.private/witmotion_ros/lib/libwitmotion-uart.so[0m
[ 25%] Built target witmotion-uart
[35m[1mScanning dependencies of target witmotion_ros_autogen[0m
[ 26%] [34m[1mAutomatic MOC for target witmotion_ros[0m
[ 26%] Built target witmotion_ros_autogen
[35m[1mScanning dependencies of target message-enumerator_autogen[0m
[ 28%] [34m[1mAutomatic MOC for target message-enumerator[0m
[ 28%] Built target message-enumerator_autogen
[35m[1mScanning dependencies of target witmotion-wt31n_autogen[0m
[ 29%] [34m[1mAutomatic MOC for target witmotion-wt31n[0m
[ 29%] Built target witmotion-wt31n_autogen
[35m[1mScanning dependencies of target witmotion-wt901_autogen[0m
[ 31%] [34m[1mAutomatic MOC for target witmotion-wt901[0m
[ 31%] Built target witmotion-wt901_autogen
[ 32%] [34m[1mGenerating include/moc_witmotion_ros.cpp[0m
[35m[1mScanning dependencies of target witmotion_ros[0m
[ 34%] [32mBuilding CXX object CMakeFiles/witmotion_ros.dir/witmotion_ros_autogen/mocs_compilation.cpp.o[0m
[ 35%] [32mBuilding CXX object CMakeFiles/witmotion_ros.dir/include/moc_witmotion_ros.cpp.o[0m
[ 37%] [32mBuilding CXX object CMakeFiles/witmotion_ros.dir/src/witmotion_ros.cpp.o[0m
[ 38%] [34m[1mGenerating include/witmotion/moc_message-enumerator.cpp[0m
[35m[1mScanning dependencies of target message-enumerator[0m
[ 40%] [32mBuilding CXX object witmotion-uart-qt/CMakeFiles/message-enumerator.dir/message-enumerator_autogen/mocs_compilation.cpp.o[0m
[ 41%] [32mBuilding CXX object witmotion-uart-qt/CMakeFiles/message-enumerator.dir/src/message-enumerator.cpp.o[0m
[ 43%] [32mBuilding CXX object witmotion-uart-qt/CMakeFiles/message-enumerator.dir/include/witmotion/moc_message-enumerator.cpp.o[0m
[ 44%] [34m[1mGenerating include/witmotion/moc_wt31n-uart.cpp[0m
[35m[1mScanning dependencies of target witmotion-wt31n[0m
[ 46%] [32mBuilding CXX object witmotion-uart-qt/CMakeFiles/witmotion-wt31n.dir/witmotion-wt31n_autogen/mocs_compilation.cpp.o[0m
[ 47%] [32mBuilding CXX object witmotion-uart-qt/CMakeFiles/witmotion-wt31n.dir/include/witmotion/moc_wt31n-uart.cpp.o[0m
[ 49%] [32m[1mLinking CXX executable /app/devel/.private/witmotion_ros/lib/witmotion_ros/message-enumerator[0m
[ 49%] Built target message-enumerator
[ 50%] [34m[1mGenerating include/witmotion/moc_wt901-uart.cpp[0m
[35m[1mScanning dependencies of target witmotion-wt901[0m
[ 52%] [32mBuilding CXX object witmotion-uart-qt/CMakeFiles/witmotion-wt901.dir/witmotion-wt901_autogen/mocs_compilation.cpp.o[0m
[ 53%] [32mBuilding CXX object witmotion-uart-qt/CMakeFiles/witmotion-wt901.dir/include/witmotion/moc_wt901-uart.cpp.o[0m
[ 55%] [32mBuilding CXX object witmotion-uart-qt/CMakeFiles/witmotion-wt31n.dir/src/wt31n-uart.cpp.o[0m
[ 56%] [32mBuilding CXX object witmotion-uart-qt/CMakeFiles/witmotion-wt901.dir/src/wt901-uart.cpp.o[0m
[ 58%] [32m[1mLinking CXX shared library /app/devel/.private/witmotion_ros/lib/libwitmotion_ros.so[0m
[ 58%] Built target witmotion_ros
[35m[1mScanning dependencies of target witmotion_ros_node_autogen[0m
[ 59%] [34m[1mAutomatic MOC for target witmotion_ros_node[0m
[ 59%] Built target witmotion_ros_node_autogen
[35m[1mScanning dependencies of target witmotion_ros_node[0m
[ 61%] [32mBuilding CXX object CMakeFiles/witmotion_ros_node.dir/witmotion_ros_node_autogen/mocs_compilation.cpp.o[0m
[ 62%] [32mBuilding CXX object CMakeFiles/witmotion_ros_node.dir/src/witmotion_ros_node.cpp.o[0m
[ 64%] [32m[1mLinking CXX shared library /app/devel/.private/witmotion_ros/lib/libwitmotion-wt31n.so[0m
[ 64%] Built target witmotion-wt31n
[35m[1mScanning dependencies of target witmotionctl-wt31n_autogen[0m
[ 65%] [34m[1mAutomatic MOC for target witmotionctl-wt31n[0m
[ 65%] Built target witmotionctl-wt31n_autogen
[35m[1mScanning dependencies of target witmotionctl-wt31n[0m
[ 67%] [32mBuilding CXX object witmotion-uart-qt/CMakeFiles/witmotionctl-wt31n.dir/witmotionctl-wt31n_autogen/mocs_compilation.cpp.o[0m
[ 68%] [32mBuilding CXX object witmotion-uart-qt/CMakeFiles/witmotionctl-wt31n.dir/include/witmotion/moc_wt31n-uart.cpp.o[0m
[ 70%] [32m[1mLinking CXX shared library /app/devel/.private/witmotion_ros/lib/libwitmotion-wt901.so[0m
[ 70%] Built target witmotion-wt901
[ 71%] [32mBuilding CXX object witmotion-uart-qt/CMakeFiles/witmotionctl-wt31n.dir/src/wt31n-control.cpp.o[0m
[35m[1mScanning dependencies of target witmotion-jy901_autogen[0m
[ 73%] [34m[1mAutomatic MOC for target witmotion-jy901[0m
[ 73%] Built target witmotion-jy901_autogen
[35m[1mScanning dependencies of target witmotionctl-wt901_autogen[0m
[ 74%] [34m[1mAutomatic MOC for target witmotionctl-wt901[0m
[ 74%] Built target witmotionctl-wt901_autogen
[35m[1mScanning dependencies of target witmotion-jy901[0m
[ 76%] [32mBuilding CXX object witmotion-uart-qt/CMakeFiles/witmotion-jy901.dir/witmotion-jy901_autogen/mocs_compilation.cpp.o[0m
[ 77%] [32mBuilding CXX object witmotion-uart-qt/CMakeFiles/witmotion-jy901.dir/src/jy901-uart.cpp.o[0m
[ 79%] [32m[1mLinking CXX executable /app/devel/.private/witmotion_ros/lib/witmotion_ros/witmotionctl-wt31n[0m
[35m[1mScanning dependencies of target witmotionctl-wt901[0m
[ 80%] [32mBuilding CXX object witmotion-uart-qt/CMakeFiles/witmotionctl-wt901.dir/witmotionctl-wt901_autogen/mocs_compilation.cpp.o[0m
[ 82%] Built target witmotionctl-wt31n
[ 83%] [32mBuilding CXX object witmotion-uart-qt/CMakeFiles/witmotionctl-wt901.dir/include/witmotion/moc_wt901-uart.cpp.o[0m
[ 85%] [32mBuilding CXX object witmotion-uart-qt/CMakeFiles/witmotionctl-wt901.dir/src/wt901-control.cpp.o[0m
[ 86%] [32m[1mLinking CXX executable /app/devel/.private/witmotion_ros/lib/witmotion_ros/witmotion_ros_node[0m
[ 86%] Built target witmotion_ros_node
[ 88%] [32m[1mLinking CXX shared library /app/devel/.private/witmotion_ros/lib/libwitmotion-jy901.so[0m
[ 88%] Built target witmotion-jy901
[35m[1mScanning dependencies of target witmotionctl-jy901_autogen[0m
[ 89%] [34m[1mAutomatic MOC for target witmotionctl-jy901[0m
[ 89%] Built target witmotionctl-jy901_autogen
[ 91%] [34m[1mGenerating include/witmotion/moc_jy901-uart.cpp[0m
[35m[1mScanning dependencies of target witmotionctl-jy901[0m
[ 92%] [32mBuilding CXX object witmotion-uart-qt/CMakeFiles/witmotionctl-jy901.dir/witmotionctl-jy901_autogen/mocs_compilation.cpp.o[0m
[ 95%] [32mBuilding CXX object witmotion-uart-qt/CMakeFiles/witmotionctl-jy901.dir/include/witmotion/moc_jy901-uart.cpp.o[0m
[ 95%] [32mBuilding CXX object witmotion-uart-qt/CMakeFiles/witmotionctl-jy901.dir/src/jy901-control.cpp.o[0m
[ 97%] [32m[1mLinking CXX executable /app/devel/.private/witmotion_ros/lib/witmotion_ros/witmotionctl-wt901[0m
[ 98%] Built target witmotionctl-wt901
[100%] [32m[1mLinking CXX executable /app/devel/.private/witmotion_ros/lib/witmotion_ros/witmotionctl-jy901[0m
[100%] Built target witmotionctl-jy901
