[  1%] [34m[1mAutomatic MOC for target witmotion-uart[0m
[  2%] [34m[1mAutomatic MOC for target wt31n-standalone-decoder[0m
[  2%] Built target witmotion-uart_autogen
[  2%] Built target wt31n-standalone-decoder_autogen
[  4%] [34m[1mAutomatic MOC for target wt31n-calibration[0m
[  4%] Built target wt31n-calibration_autogen
[ 16%] Built target witmotion-uart
[ 20%] Built target wt31n-standalone-decoder
[ 25%] Built target wt31n-calibration
[ 26%] [34m[1mAutomatic MOC for target witmotion-wt901[0m
[ 28%] [34m[1mAutomatic MOC for target witmotion_ros[0m
[ 29%] [34m[1mAutomatic MOC for target message-enumerator[0m
[ 29%] Built target message-enumerator_autogen
[ 29%] Built target witmotion-wt901_autogen
[ 29%] Built target witmotion_ros_autogen
[ 31%] [34m[1mAutomatic MOC for target witmotion-wt31n[0m
[ 38%] Built target message-enumerator
[ 38%] Built target witmotion-wt31n_autogen
[ 46%] Built target witmotion-wt901
[ 53%] Built target witmotion_ros
[ 55%] [34m[1mAutomatic MOC for target witmotionctl-wt901[0m
[ 56%] [34m[1mAutomatic MOC for target witmotion-jy901[0m
[ 64%] Built target witmotion-wt31n
[ 64%] Built target witmotionctl-wt901_autogen
[ 64%] Built target witmotion-jy901_autogen
[ 65%] [34m[1mAutomatic MOC for target witmotion_ros_node[0m
[ 67%] [34m[1mAutomatic MOC for target witmotionctl-wt31n[0m
[ 74%] Built target witmotionctl-wt901
[ 74%] Built target witmotion_ros_node_autogen
[ 74%] Built target witmotionctl-wt31n_autogen
[ 79%] Built target witmotion-jy901
[ 83%] Built target witmotion_ros_node
[ 91%] Built target witmotionctl-wt31n
[ 92%] [34m[1mAutomatic MOC for target witmotionctl-jy901[0m
[ 92%] Built target witmotionctl-jy901_autogen
[100%] Built target witmotionctl-jy901
